<?xml version="1.0" encoding="UTF-8"?>
<testsuite xmlns:xsi="http://www.w3.org/2001/XMLSchema-instance" xsi:noNamespaceSchemaLocation="https://maven.apache.org/surefire/maven-surefire-plugin/xsd/surefire-test-report-3.0.xsd" version="3.0" name="org.example.testRunner.runner" time="92.526" tests="19" errors="0" skipped="0" failures="3">
  <properties>
[...]
</properties>
  <testcase name="runScenario" classname="org.example.testRunner.runner" time="8.864"/>
  <testcase name="runScenario" classname="org.example.testRunner.runner" time="4.946"/>
  <testcase name="runScenario" classname="org.example.testRunner.runner" time="4.478"/>
  <testcase name="runScenario" classname="org.example.testRunner.runner" time="4.236"/>
  <testcase name="runScenario" classname="org.example.testRunner.runner" time="3.873"/>
  <testcase name="runScenario" classname="org.example.testRunner.runner" time="3.83"/>
  <testcase name="runScenario" classname="org.example.testRunner.runner" time="3.912"/>
  <testcase name="runScenario" classname="org.example.testRunner.runner" time="5.298"/>
  <testcase name="runScenario" classname="org.example.testRunner.runner" time="5.247"/>
  <testcase name="runScenario" classname="org.example.testRunner.runner" time="5.294"/>
  <testcase name="runScenario" classname="org.example.testRunner.runner" time="4.031"/>
  <testcase name="runScenario" classname="org.example.testRunner.runner" time="2.857">
    <failure message="Session ID is null. Using WebDriver after calling quit()?&#10;Build info: version: &apos;4.3.0&apos;, revision: &apos;a4995e2c09*&apos;&#10;System info: host: &apos;DESKTOP-515QAJ5&apos;, ip: &apos;192.168.1.20&apos;, os.name: &apos;Windows 10&apos;, os.arch: &apos;amd64&apos;, os.version: &apos;10.0&apos;, java.version: &apos;1.8.0_333&apos;&#10;Driver info: org.openqa.selenium.chrome.ChromeDriver&#10;Command: [null, findElement {using=css selector, value=img[src=&quot;https://demo.nopcommerce.com/images/thumbs/0000079_banner_1.jpg&quot;]}]&#10;Capabilities {acceptInsecureCerts: false, browserName: chrome, browserVersion: 104.0.5112.81, chrome: {chromedriverVersion: 103.0.5060.53 (a1711811edd7..., userDataDir: C:\Users\MOHAME~1\AppData\L...}, goog:chromeOptions: {debuggerAddress: localhost:58165}, networkConnectionEnabled: false, pageLoadStrategy: normal, platformName: WINDOWS, proxy: Proxy(), se:cdp: ws://localhost:58165/devtoo..., se:cdpVersion: 104.0.5112.81, setWindowRect: true, strictFileInteractability: false, timeouts: {implicit: 0, pageLoad: 300000, script: 30000}, unhandledPromptBehavior: dismiss and notify, webauthn:extension:credBlob: true, webauthn:extension:largeBlob: true, webauthn:virtualAuthenticators: true}" type="org.openqa.selenium.NoSuchSessionException"><![CDATA[org.openqa.selenium.NoSuchSessionException: 
Session ID is null. Using WebDriver after calling quit()?
Build info: version: '4.3.0', revision: 'a4995e2c09*'
System info: host: 'DESKTOP-515QAJ5', ip: '192.168.1.20', os.name: 'Windows 10', os.arch: 'amd64', os.version: '10.0', java.version: '1.8.0_333'
Driver info: org.openqa.selenium.chrome.ChromeDriver
Command: [null, findElement {using=css selector, value=img[src="https://demo.nopcommerce.com/images/thumbs/0000079_banner_1.jpg"]}]
Capabilities {acceptInsecureCerts: false, browserName: chrome, browserVersion: 104.0.5112.81, chrome: {chromedriverVersion: 103.0.5060.53 (a1711811edd7..., userDataDir: C:\Users\MOHAME~1\AppData\L...}, goog:chromeOptions: {debuggerAddress: localhost:58165}, networkConnectionEnabled: false, pageLoadStrategy: normal, platformName: WINDOWS, proxy: Proxy(), se:cdp: ws://localhost:58165/devtoo..., se:cdpVersion: 104.0.5112.81, setWindowRect: true, strictFileInteractability: false, timeouts: {implicit: 0, pageLoad: 300000, script: 30000}, unhandledPromptBehavior: dismiss and notify, webauthn:extension:credBlob: true, webauthn:extension:largeBlob: true, webauthn:virtualAuthenticators: true}
]]></failure>
    <system-out><![CDATA[
@smoke
Scenario: guest user could register with valid data successfully &amp#27;[90m# src/main/resources/features/F01_Register.feature:4&amp#27;[0m
  &amp#27;[32mGiven &amp#27;[0m&amp#27;[32muser go to register page&amp#27;[0m                                 &amp#27;[90m# org.example.stepDefs.D01_registerStepDef.navigateRegister()&amp#27;[0m
  &amp#27;[32mWhen &amp#27;[0m&amp#27;[32muser select gender type&amp#27;[0m                                   &amp#27;[90m# org.example.stepDefs.D01_registerStepDef.userSelectGenderType()&amp#27;[0m
  &amp#27;[32mAnd &amp#27;[0m&amp#27;[32muser enter first name &amp#27;[0m&amp#27;[32m&amp#27;[1m"automation"&amp#27;[0m&amp#27;[32m and last name &amp#27;[0m&amp#27;[32m&amp#27;[1m"tester"&amp#27;[0m  &amp#27;[90m# org.example.stepDefs.D01_registerStepDef.userEnterFirstNameAndLastName(java.lang.String,java.lang.String)&amp#27;[0m
  &amp#27;[32mAnd &amp#27;[0m&amp#27;[32muser enter date of birth&amp#27;[0m                                   &amp#27;[90m# org.example.stepDefs.D01_registerStepDef.userEnterDateOfBirth()&amp#27;[0m
  &amp#27;[32mAnd &amp#27;[0m&amp#27;[32muser enter email &amp#27;[0m&amp#27;[32m&amp#27;[1m"test123@example.com"&amp#27;[0m&amp#27;[32m field&amp#27;[0m               &amp#27;[90m# org.example.stepDefs.D01_registerStepDef.userEnterEmailField(java.lang.String)&amp#27;[0m
  &amp#27;[32mAnd &amp#27;[0m&amp#27;[32muser fills Password fields &amp#27;[0m&amp#27;[32m&amp#27;[1m"P@ssw0rd"&amp#27;[0m&amp#27;[32m &amp#27;[0m&amp#27;[32m&amp#27;[1m"P@ssw0rd"&amp#27;[0m           &amp#27;[90m# org.example.stepDefs.D01_registerStepDef.userFillsPasswordFields(java.lang.String,java.lang.String)&amp#27;[0m
  &amp#27;[32mAnd &amp#27;[0m&amp#27;[32muser clicks on register button&amp#27;[0m                             &amp#27;[90m# org.example.stepDefs.D01_registerStepDef.userClicksOnRegisterButton()&amp#27;[0m
  &amp#27;[32mThen &amp#27;[0m&amp#27;[32msuccess message is displayed&amp#27;[0m                              &amp#27;[90m# org.example.stepDefs.D01_registerStepDef.successMessageIsDisplayed()&amp#27;[0m

@smoke
Scenario: user could login with valid email and password            &amp#27;[90m# src/main/resources/features/F02_Login.feature:4&amp#27;[0m
  &amp#27;[32mGiven &amp#27;[0m&amp#27;[32muser go to login page&amp#27;[0m                                       &amp#27;[90m# org.example.stepDefs.D02_loginStepDef.userGoToLoginPage()&amp#27;[0m
  &amp#27;[32mWhen &amp#27;[0m&amp#27;[32muser login with &amp#27;[0m&amp#27;[32m&amp#27;[1m"valid"&amp#27;[0m&amp#27;[32m &amp#27;[0m&amp#27;[32m&amp#27;[1m"test123@example.com"&amp#27;[0m&amp#27;[32m and &amp#27;[0m&amp#27;[32m&amp#27;[1m"P@ssw0rd"&amp#27;[0m &amp#27;[90m# org.example.stepDefs.D02_loginStepDef.userLoginWithAnd(java.lang.String,java.lang.String,java.lang.String)&amp#27;[0m
  &amp#27;[32mAnd &amp#27;[0m&amp#27;[32muser press on login button&amp#27;[0m                                    &amp#27;[90m# org.example.stepDefs.D02_loginStepDef.userPressOnLoginButton()&amp#27;[0m
  &amp#27;[32mThen &amp#27;[0m&amp#27;[32muser login to the system successfully&amp#27;[0m                        &amp#27;[90m# org.example.stepDefs.D02_loginStepDef.userLoginToTheSystemSuccessfully()&amp#27;[0m

@smoke
Scenario: user could login with invalid email and password            &amp#27;[90m# src/main/resources/features/F02_Login.feature:11&amp#27;[0m
  &amp#27;[32mGiven &amp#27;[0m&amp#27;[32muser go to login page&amp#27;[0m                                         &amp#27;[90m# org.example.stepDefs.D02_loginStepDef.userGoToLoginPage()&amp#27;[0m
  &amp#27;[32mWhen &amp#27;[0m&amp#27;[32muser login with &amp#27;[0m&amp#27;[32m&amp#27;[1m"invalid"&amp#27;[0m&amp#27;[32m &amp#27;[0m&amp#27;[32m&amp#27;[1m"test@example.com"&amp#27;[0m&amp#27;[32m and &amp#27;[0m&amp#27;[32m&amp#27;[1m"P@ssw0fffrd"&amp#27;[0m &amp#27;[90m# org.example.stepDefs.D02_loginStepDef.userLoginWithAnd(java.lang.String,java.lang.String,java.lang.String)&amp#27;[0m
  &amp#27;[32mAnd &amp#27;[0m&amp#27;[32muser press on login button&amp#27;[0m                                      &amp#27;[90m# org.example.stepDefs.D02_loginStepDef.userPressOnLoginButton()&amp#27;[0m
  &amp#27;[32mThen &amp#27;[0m&amp#27;[32muser could not login to the system&amp#27;[0m                             &amp#27;[90m# org.example.stepDefs.D02_loginStepDef.userCouldNotLoginToTheSystem()&amp#27;[0m

@smoke
Scenario: user changes currency to EUR &amp#27;[90m# src/main/resources/features/F03_currencies.feature:4&amp#27;[0m
  &amp#27;[32mWhen &amp#27;[0m&amp#27;[32mchange to EUR&amp#27;[0m                   &amp#27;[90m# org.example.stepDefs.D03_currenciesStepDef.changeToEUR()&amp#27;[0m
  &amp#27;[32mThen &amp#27;[0m&amp#27;[32mproducts in EUR&amp#27;[0m                 &amp#27;[90m# org.example.stepDefs.D03_currenciesStepDef.productsInEUR()&amp#27;[0m

@smoke
Scenario Outline: user could search using product name &amp#27;[90m# src/main/resources/features/F04_Search.feature:9&amp#27;[0m
  &amp#27;[32mWhen &amp#27;[0m&amp#27;[32muser enters &amp#27;[0m&amp#27;[32m&amp#27;[1mbook&amp#27;[0m&amp#27;[32m in search&amp#27;[0m                      &amp#27;[90m# org.example.stepDefs.D04_searchStepDef.userEntersProductNameInSearch(java.lang.String)&amp#27;[0m
  &amp#27;[32mThen &amp#27;[0m&amp#27;[32msuccessful search and relevant results&amp#27;[0m          &amp#27;[90m# org.example.stepDefs.D04_searchStepDef.successfulSearchAndRelevantResults()&amp#27;[0m

@smoke
Scenario Outline: user could search using product name &amp#27;[90m# src/main/resources/features/F04_Search.feature:10&amp#27;[0m
  &amp#27;[32mWhen &amp#27;[0m&amp#27;[32muser enters &amp#27;[0m&amp#27;[32m&amp#27;[1mlaptop&amp#27;[0m&amp#27;[32m in search&amp#27;[0m                    &amp#27;[90m# org.example.stepDefs.D04_searchStepDef.userEntersProductNameInSearch(java.lang.String)&amp#27;[0m
  &amp#27;[32mThen &amp#27;[0m&amp#27;[32msuccessful search and relevant results&amp#27;[0m          &amp#27;[90m# org.example.stepDefs.D04_searchStepDef.successfulSearchAndRelevantResults()&amp#27;[0m

@smoke
Scenario Outline: user could search using product name &amp#27;[90m# src/main/resources/features/F04_Search.feature:11&amp#27;[0m
  &amp#27;[32mWhen &amp#27;[0m&amp#27;[32muser enters &amp#27;[0m&amp#27;[32m&amp#27;[1mnike&amp#27;[0m&amp#27;[32m in search&amp#27;[0m                      &amp#27;[90m# org.example.stepDefs.D04_searchStepDef.userEntersProductNameInSearch(java.lang.String)&amp#27;[0m
  &amp#27;[32mThen &amp#27;[0m&amp#27;[32msuccessful search and relevant results&amp#27;[0m          &amp#27;[90m# org.example.stepDefs.D04_searchStepDef.successfulSearchAndRelevantResults()&amp#27;[0m

@smoke
Scenario Outline: user could search using sku &amp#27;[90m# src/main/resources/features/F04_Search.feature:18&amp#27;[0m
  &amp#27;[32mWhen &amp#27;[0m&amp#27;[32muser enters &amp#27;[0m&amp#27;[32m&amp#27;[1mSCI_FAITH&amp#27;[0m&amp#27;[32m in search&amp#27;[0m        &amp#27;[90m# org.example.stepDefs.D04_searchStepDef.userEntersProductNameInSearch(java.lang.String)&amp#27;[0m
  &amp#27;[32mThen &amp#27;[0m&amp#27;[32msuccessful search and click on result&amp#27;[0m  &amp#27;[90m# org.example.stepDefs.D04_searchStepDef.successfulSearchAndClickOnResult()&amp#27;[0m

@smoke
Scenario Outline: user could search using sku &amp#27;[90m# src/main/resources/features/F04_Search.feature:19&amp#27;[0m
  &amp#27;[32mWhen &amp#27;[0m&amp#27;[32muser enters &amp#27;[0m&amp#27;[32m&amp#27;[1mAPPLE_CAM&amp#27;[0m&amp#27;[32m in search&amp#27;[0m        &amp#27;[90m# org.example.stepDefs.D04_searchStepDef.userEntersProductNameInSearch(java.lang.String)&amp#27;[0m
  &amp#27;[32mThen &amp#27;[0m&amp#27;[32msuccessful search and click on result&amp#27;[0m  &amp#27;[90m# org.example.stepDefs.D04_searchStepDef.successfulSearchAndClickOnResult()&amp#27;[0m

@smoke
Scenario Outline: user could search using sku &amp#27;[90m# src/main/resources/features/F04_Search.feature:20&amp#27;[0m
  &amp#27;[32mWhen &amp#27;[0m&amp#27;[32muser enters &amp#27;[0m&amp#27;[32m&amp#27;[1mSF_PRO_11&amp#27;[0m&amp#27;[32m in search&amp#27;[0m        &amp#27;[90m# org.example.stepDefs.D04_searchStepDef.userEntersProductNameInSearch(java.lang.String)&amp#27;[0m
  &amp#27;[32mThen &amp#27;[0m&amp#27;[32msuccessful search and click on result&amp#27;[0m  &amp#27;[90m# org.example.stepDefs.D04_searchStepDef.successfulSearchAndClickOnResult()&amp#27;[0m

@smoke
Scenario: user hovers and selects subcategory   &amp#27;[90m# src/main/resources/features/F05_hoverCategories.feature:3&amp#27;[0m
  &amp#27;[32mWhen &amp#27;[0m&amp#27;[32muser hovers on a random category&amp#27;[0m         &amp#27;[90m# org.example.stepDefs.D05_hoverCategoriesStepDef.userHoversOnARandomCategory()&amp#27;[0m
  &amp#27;[32mAnd &amp#27;[0m&amp#27;[32mclicks on a random subcategory&amp#27;[0m            &amp#27;[90m# org.example.stepDefs.D05_hoverCategoriesStepDef.clicksOnARandomSubcategory()&amp#27;[0m
  &amp#27;[32mThen &amp#27;[0m&amp#27;[32mpage redirects to the chosen subcategory&amp#27;[0m &amp#27;[90m# org.example.stepDefs.D05_hoverCategoriesStepDef.pageRedirectsToTheChosenSubcategory()&amp#27;[0m

@smoke
Scenario: first slider is clickable on home page &amp#27;[90m# src/main/resources/features/F06_homeSliders.feature:3&amp#27;[0m
  &amp#27;[31mWhen &amp#27;[0m&amp#27;[31muser clicks on Nokia slider&amp#27;[0m               &amp#27;[90m# org.example.stepDefs.D06_homeSlidersStepDef.userClicksOnNokiaSlider()&amp#27;[0m
      &amp#27;[31morg.openqa.selenium.NoSuchSessionException: Session ID is null. Using WebDriver after calling quit()?
Build info: version: '4.3.0', revision: 'a4995e2c09*'
System info: host: 'DESKTOP-515QAJ5', ip: '192.168.1.20', os.name: 'Windows 10', os.arch: 'amd64', os.version: '10.0', java.version: '1.8.0_333'
Driver info: org.openqa.selenium.chrome.ChromeDriver
Command: [null, findElement {using=css selector, value=img[src="https://demo.nopcommerce.com/images/thumbs/0000079_banner_1.jpg"]}]
Capabilities {acceptInsecureCerts: false, browserName: chrome, browserVersion: 104.0.5112.81, chrome: {chromedriverVersion: 103.0.5060.53 (a1711811edd7..., userDataDir: C:\Users\MOHAME~1\AppData\L...}, goog:chromeOptions: {debuggerAddress: localhost:58165}, networkConnectionEnabled: false, pageLoadStrategy: normal, platformName: ]]></system-out>
    <system-err><![CDATA[Starting ChromeDriver 103.0.5060.53 (a1711811edd74ff1cf2150f36ffa3b0dae40b17f-refs/branch-heads/5060@{#853}) on port 63310
Only local connections are allowed.
Please see https://chromedriver.chromium.org/security-considerations for suggestions on keeping ChromeDriver safe.
ChromeDriver was started successfully.
[1660226609.624][WARNING]: This version of ChromeDriver has not been tested with Chrome version 104.
Aug 11, 2022 4:03:29 PM org.openqa.selenium.remote.ProtocolHandshake createSession
INFO: Detected upstream dialect: W3C
Aug 11, 2022 4:03:29 PM org.openqa.selenium.devtools.CdpVersionFinder findNearestMatch
WARNING: Unable to find an exact match for CDP version 104, so returning the closest version found: 103
Aug 11, 2022 4:03:29 PM org.openqa.selenium.devtools.CdpVersionFinder findNearestMatch
INFO: Found CDP implementation for version 104 of 103
]]></system-err>
  </testcase>
  <testcase name="runScenario" classname="org.example.testRunner.runner" time="2.902">
    <failure message="Session ID is null. Using WebDriver after calling quit()?&#10;Build info: version: &apos;4.3.0&apos;, revision: &apos;a4995e2c09*&apos;&#10;System info: host: &apos;DESKTOP-515QAJ5&apos;, ip: &apos;192.168.1.20&apos;, os.name: &apos;Windows 10&apos;, os.arch: &apos;amd64&apos;, os.version: &apos;10.0&apos;, java.version: &apos;1.8.0_333&apos;&#10;Driver info: org.openqa.selenium.chrome.ChromeDriver&#10;Command: [null, findElement {using=css selector, value=img[src=&quot;https://demo.nopcommerce.com/images/thumbs/0000080_banner_2.jpg&quot;]}]&#10;Capabilities {acceptInsecureCerts: false, browserName: chrome, browserVersion: 104.0.5112.81, chrome: {chromedriverVersion: 103.0.5060.53 (a1711811edd7..., userDataDir: C:\Users\MOHAME~1\AppData\L...}, goog:chromeOptions: {debuggerAddress: localhost:58165}, networkConnectionEnabled: false, pageLoadStrategy: normal, platformName: WINDOWS, proxy: Proxy(), se:cdp: ws://localhost:58165/devtoo..., se:cdpVersion: 104.0.5112.81, setWindowRect: true, strictFileInteractability: false, timeouts: {implicit: 0, pageLoad: 300000, script: 30000}, unhandledPromptBehavior: dismiss and notify, webauthn:extension:credBlob: true, webauthn:extension:largeBlob: true, webauthn:virtualAuthenticators: true}" type="org.openqa.selenium.NoSuchSessionException"><![CDATA[org.openqa.selenium.NoSuchSessionException: 
Session ID is null. Using WebDriver after calling quit()?
Build info: version: '4.3.0', revision: 'a4995e2c09*'
System info: host: 'DESKTOP-515QAJ5', ip: '192.168.1.20', os.name: 'Windows 10', os.arch: 'amd64', os.version: '10.0', java.version: '1.8.0_333'
Driver info: org.openqa.selenium.chrome.ChromeDriver
Command: [null, findElement {using=css selector, value=img[src="https://demo.nopcommerce.com/images/thumbs/0000080_banner_2.jpg"]}]
Capabilities {acceptInsecureCerts: false, browserName: chrome, browserVersion: 104.0.5112.81, chrome: {chromedriverVersion: 103.0.5060.53 (a1711811edd7..., userDataDir: C:\Users\MOHAME~1\AppData\L...}, goog:chromeOptions: {debuggerAddress: localhost:58165}, networkConnectionEnabled: false, pageLoadStrategy: normal, platformName: WINDOWS, proxy: Proxy(), se:cdp: ws://localhost:58165/devtoo..., se:cdpVersion: 104.0.5112.81, setWindowRect: true, strictFileInteractability: false, timeouts: {implicit: 0, pageLoad: 300000, script: 30000}, unhandledPromptBehavior: dismiss and notify, webauthn:extension:credBlob: true, webauthn:extension:largeBlob: true, webauthn:virtualAuthenticators: true}
]]></failure>
    <system-err><![CDATA[Starting ChromeDriver 103.0.5060.53 (a1711811edd74ff1cf2150f36ffa3b0dae40b17f-refs/branch-heads/5060@{#853}) on port 49938
Only local connections are allowed.
Please see https://chromedriver.chromium.org/security-considerations for suggestions on keeping ChromeDriver safe.
ChromeDriver was started successfully.
[1660226612.478][WARNING]: This version of ChromeDriver has not been tested with Chrome version 104.
Aug 11, 2022 4:03:32 PM org.openqa.selenium.remote.ProtocolHandshake createSession
INFO: Detected upstream dialect: W3C
Aug 11, 2022 4:03:32 PM org.openqa.selenium.devtools.CdpVersionFinder findNearestMatch
WARNING: Unable to find an exact match for CDP version 104, so returning the closest version found: 103
Aug 11, 2022 4:03:32 PM org.openqa.selenium.devtools.CdpVersionFinder findNearestMatch
INFO: Found CDP implementation for version 104 of 103
]]></system-err>
  </testcase>
  <testcase name="runScenario" classname="org.example.testRunner.runner" time="4.157"/>
  <testcase name="runScenario" classname="org.example.testRunner.runner" time="4.761"/>
  <testcase name="runScenario" classname="org.example.testRunner.runner" time="3.454">
    <failure message="Index: 1, Size: 1" type="java.lang.IndexOutOfBoundsException"><![CDATA[java.lang.IndexOutOfBoundsException: Index: 1, Size: 1
]]></failure>
    <system-err><![CDATA[Starting ChromeDriver 103.0.5060.53 (a1711811edd74ff1cf2150f36ffa3b0dae40b17f-refs/branch-heads/5060@{#853}) on port 54696
Only local connections are allowed.
Please see https://chromedriver.chromium.org/security-considerations for suggestions on keeping ChromeDriver safe.
ChromeDriver was started successfully.
[1660226624.328][WARNING]: This version of ChromeDriver has not been tested with Chrome version 104.
Aug 11, 2022 4:03:44 PM org.openqa.selenium.remote.ProtocolHandshake createSession
INFO: Detected upstream dialect: W3C
Aug 11, 2022 4:03:44 PM org.openqa.selenium.devtools.CdpVersionFinder findNearestMatch
WARNING: Unable to find an exact match for CDP version 104, so returning the closest version found: 103
Aug 11, 2022 4:03:44 PM org.openqa.selenium.devtools.CdpVersionFinder findNearestMatch
INFO: Found CDP implementation for version 104 of 103
]]></system-err>
  </testcase>
  <testcase name="runScenario" classname="org.example.testRunner.runner" time="6.087"/>
  <testcase name="runScenario" classname="org.example.testRunner.runner" time="3.49"/>
  <testcase name="runScenario" classname="org.example.testRunner.runner" time="8.703"/>
</testsuite>